<?xml version="1.0" encoding="UTF-8"?>
<!-- Generated by org.testng.reporters.JUnitReportReporter -->
<testsuite skipped="0" hostname="user-PC" name="testcases.RegTest" tests="2" failures="0" timestamp="01 May 2018 09:10:27 GMT" time="0.022" errors="0">
  <testcase name="doRegister" time="0.002" classname="testcases.RegTest"/>
  <testcase name="doRegister" time="0.020" classname="testcases.RegTest"/>
</testsuite> <!-- testcases.RegTest -->
