<?xml version="1.0" encoding="UTF-8"?>
<!-- Generated by org.testng.reporters.JUnitReportReporter -->
<testsuite skipped="0" hostname="user-PC" name="testcases.TestCases" tests="4" failures="0" timestamp="02 May 2018 16:11:09 GMT" time="0.029" errors="0">
  <testcase name="testA" time="0.004" classname="testcases.TestCases"/>
  <testcase name="testA" time="0.020" classname="testcases.TestCases"/>
  <testcase name="testB" time="0.002" classname="testcases.TestCases"/>
  <testcase name="testB" time="0.003" classname="testcases.TestCases"/>
</testsuite> <!-- testcases.TestCases -->
