<?xml version="1.0" encoding="UTF-8"?>
<!-- Generated by org.testng.reporters.JUnitReportReporter -->
<testsuite skipped="0" hostname="user-PC" name="testng_listeners.LoginTest" tests="2" failures="0" timestamp="04 May 2018 17:39:16 GMT" time="0.022" errors="0">
  <testcase name="login" time="0.019" classname="testng_listeners.LoginTest"/>
  <testcase name="adminLogin" time="0.003" classname="testng_listeners.LoginTest"/>
</testsuite> <!-- testng_listeners.LoginTest -->
