<?xml version="1.0" encoding="UTF-8"?>
<!-- Generated by org.testng.reporters.JUnitReportReporter -->
<testsuite skipped="0" hostname="user-PC" name="testcases.SiblingAndParentInXpath" tests="1" failures="0" timestamp="18 Jun 2019 05:25:00 GMT" time="35.250" errors="0">
  <testcase name="testSiblingAndParentInXpath" time="35.250" classname="testcases.SiblingAndParentInXpath"/>
</testsuite> <!-- testcases.SiblingAndParentInXpath -->
