<?xml version="1.0" encoding="UTF-8"?>
<!-- Generated by org.testng.reporters.JUnitReportReporter -->
<testsuite skipped="0" hostname="user-PC" name="testcases.ExplicitFluentWaitTest" tests="1" failures="0" timestamp="03 Jul 2019 07:15:03 GMT" time="90.847" errors="0">
  <testcase name="guru99tutorials" time="90.847" classname="testcases.ExplicitFluentWaitTest"/>
</testsuite> <!-- testcases.ExplicitFluentWaitTest -->
