<?xml version="1.0" encoding="UTF-8"?>
<!-- Generated by org.testng.reporters.JUnitReportReporter -->
<testsuite skipped="0" hostname="user-PC" name="testcases.CopyOffirsttestngfile" tests="2" failures="0" timestamp="31 May 2019 13:31:44 GMT" time="4.781" errors="0">
  <testcase name="register" time="2.375" classname="testcases.CopyOffirsttestngfile"/>
  <testcase name="support" time="2.406" classname="testcases.CopyOffirsttestngfile"/>
</testsuite> <!-- testcases.CopyOffirsttestngfile -->
