<?xml version="1.0" encoding="UTF-8"?>
<!-- Generated by org.testng.reporters.JUnitReportReporter -->
<testsuite skipped="0" hostname="user-PC" name="testcases.LoginTest" tests="3" failures="0" timestamp="24 Apr 2019 07:00:25 GMT" time="0.078" errors="0">
  <testcase name="doLoginTest" time="0.015" classname="testcases.LoginTest"/>
  <testcase name="doLoginTest" time="0.032" classname="testcases.LoginTest"/>
  <testcase name="doLoginTest" time="0.031" classname="testcases.LoginTest"/>
</testsuite> <!-- testcases.LoginTest -->
