<?xml version="1.0" encoding="UTF-8"?>
<!-- Generated by org.testng.reporters.JUnitReportReporter -->
<testsuite skipped="0" hostname="user-PC" name="testcases.firsttestngfile" tests="2" failures="0" timestamp="31 May 2019 11:55:16 GMT" time="3.866" errors="0">
  <testcase name="register" time="1.925" classname="testcases.firsttestngfile"/>
  <testcase name="support" time="1.941" classname="testcases.firsttestngfile"/>
</testsuite> <!-- testcases.firsttestngfile -->
