<?xml version="1.0" encoding="UTF-8"?>
<!-- Generated by org.testng.reporters.JUnitReportReporter -->
<testsuite skipped="0" hostname="user-PC" name="example.NewTest" tests="1" failures="0" timestamp="26 Aug 2019 07:34:07 GMT" time="23.617" errors="0">
  <testcase name="testEasy" time="23.617" classname="example.NewTest"/>
</testsuite> <!-- example.NewTest -->
