<?xml version="1.0" encoding="UTF-8"?>
<!-- Generated by org.testng.reporters.JUnitReportReporter -->
<testsuite skipped="0" hostname="user-PC" name="example2.example2_DP" tests="4" failures="0" timestamp="14 Aug 2019 09:21:02 GMT" time="0.023" errors="0">
  <testcase name="testcase1" time="0.002" classname="example2.example2_DP"/>
  <testcase name="testcase1" time="0.003" classname="example2.example2_DP"/>
  <testcase name="testcase1" time="0.001" classname="example2.example2_DP"/>
  <testcase name="testcase1" time="0.017" classname="example2.example2_DP"/>
</testsuite> <!-- example2.example2_DP -->
