<?xml version="1.0" encoding="UTF-8"?>
<!-- Generated by org.testng.reporters.JUnitReportReporter -->
<testsuite skipped="0" hostname="user-PC" name="example2.NewExample2Test1" tests="1" failures="0" timestamp="16 Aug 2019 05:37:59 GMT" time="0.023" errors="0">
  <testcase name="GroupTestCaseMethod1" time="0.023" classname="example2.NewExample2Test1"/>
</testsuite> <!-- example2.NewExample2Test1 -->
