<?xml version="1.0" encoding="UTF-8"?>
<!-- Generated by org.testng.reporters.JUnitReportReporter -->
<testsuite skipped="0" hostname="user-PC" name="example.NewTest" tests="1" failures="0" timestamp="12 Aug 2019 14:38:51 GMT" time="20.554" errors="0">
  <testcase name="testEasy" time="20.554" classname="example.NewTest"/>
</testsuite> <!-- example.NewTest -->
